#
# There is insufficient memory for the Java Runtime Environment to continue.
# Native memory allocation (malloc) failed to allocate 1207536 bytes for Chunk::new
# Possible reasons:
#   The system is out of physical RAM or swap space
#   The process is running with CompressedOops enabled, and the Java Heap may be blocking the growth of the native heap
# Possible solutions:
#   Reduce memory load on the system
#   Increase physical memory or swap space
#   Check if swap backing store is full
#   Decrease Java heap size (-Xmx/-Xms)
#   Decrease number of Java threads
#   Decrease Java thread stack sizes (-Xss)
#   Set larger code cache with -XX:ReservedCodeCacheSize=
#   JVM is running with Unscaled Compressed Oops mode in which the Java heap is
#     placed in the first 4GB address space. The Java Heap base address is the
#     maximum limit for the native heap growth. Please use -XX:HeapBaseMinAddress
#     to set the Java Heap base and to place the Java Heap above 4GB virtual address.
# This output file may be truncated or incomplete.
#
#  Out of Memory Error (allocation.cpp:389), pid=12592, tid=0x0000000000001a54
#
# JRE version: OpenJDK Runtime Environment (8.0) (build 1.8.0-25-microsoft-b00)
# Java VM: OpenJDK 64-Bit Server VM (25.71-b00 mixed mode windows-amd64 compressed oops)
# Failed to write core dump. Minidumps are not enabled by default on client versions of Windows
#

---------------  T H R E A D  ---------------

Current thread (0x0000000017620000):  JavaThread "C2 CompilerThread2" daemon [_thread_in_native, id=6740, stack(0x00000000180f0000,0x00000000181f0000)]

Stack: [0x00000000180f0000,0x00000000181f0000]
[error occurred during error reporting (printing stack bounds), id 0xc0000005]

Native frames: (J=compiled Java code, j=interpreted, Vv=VM code, C=native code)


Current CompileTask:
C2:  11297 4441 %     4       com.android.tools.r8.ir.regalloc.LinearScanRegisterAllocator::a @ 385 (972 bytes)


---------------  P R O C E S S  ---------------

Java Threads: ( => current thread )
  0x0000000018556800 JavaThread "ForkJoinPool-1-worker-0" daemon [_thread_in_Java, id=16360, stack(0x0000000018ff0000,0x00000000190f0000)]
  0x0000000018556000 JavaThread "ForkJoinPool-1-worker-3" daemon [_thread_in_Java, id=3604, stack(0x0000000018ef0000,0x0000000018ff0000)]
  0x0000000018555000 JavaThread "ForkJoinPool-1-worker-2" daemon [_thread_in_Java, id=20432, stack(0x0000000018df0000,0x0000000018ef0000)]
  0x0000000018559800 JavaThread "ForkJoinPool-1-worker-1" daemon [_thread_in_Java, id=17996, stack(0x0000000018cf0000,0x0000000018df0000)]
  0x00000000176b5800 JavaThread "Service Thread" daemon [_thread_blocked, id=19844, stack(0x00000000182f0000,0x00000000183f0000)]
  0x0000000017624000 JavaThread "C1 CompilerThread3" daemon [_thread_blocked, id=12236, stack(0x00000000181f0000,0x00000000182f0000)]
=>0x0000000017620000 JavaThread "C2 CompilerThread2" daemon [_thread_in_native, id=6740, stack(0x00000000180f0000,0x00000000181f0000)]
  0x000000001761b800 JavaThread "C2 CompilerThread1" daemon [_thread_in_native, id=20192, stack(0x0000000017ff0000,0x00000000180f0000)]
  0x0000000017619800 JavaThread "C2 CompilerThread0" daemon [_thread_in_native, id=4608, stack(0x0000000017ef0000,0x0000000017ff0000)]
  0x0000000017618000 JavaThread "Attach Listener" daemon [_thread_blocked, id=18588, stack(0x0000000017df0000,0x0000000017ef0000)]
  0x0000000017617000 JavaThread "Signal Dispatcher" daemon [_thread_blocked, id=15252, stack(0x0000000017cf0000,0x0000000017df0000)]
  0x0000000017610800 JavaThread "Finalizer" daemon [_thread_blocked, id=14972, stack(0x0000000017af0000,0x0000000017bf0000)]
  0x0000000002c36800 JavaThread "Reference Handler" daemon [_thread_blocked, id=18884, stack(0x00000000179f0000,0x0000000017af0000)]
  0x0000000002b42800 JavaThread "main" [_thread_blocked, id=10156, stack(0x00000000029f0000,0x0000000002af0000)]

Other Threads:
  0x0000000015818800 VMThread [stack: 0x00000000174f0000,0x00000000175f0000] [id=2016]
  0x00000000176b6800 WatcherThread [stack: 0x00000000183f0000,0x00000000184f0000] [id=4132]

VM state:not at safepoint (normal execution)

VM Mutex/Monitor currently owned by a thread: None

heap address: 0x00000000c0000000, size: 1024 MB, Compressed Oops mode: 32-bit
Narrow klass base: 0x0000000000000000, Narrow klass shift: 3
Compressed class space size: 1073741824 Address: 0x0000000100000000

Heap:
 PSYoungGen      total 288768K, used 272447K [0x00000000eab00000, 0x00000000fdc00000, 0x0000000100000000)
  eden space 266240K, 98% used [0x00000000eab00000,0x00000000fa9d1080,0x00000000faf00000)
  from space 22528K, 51% used [0x00000000fc600000,0x00000000fd13edf0,0x00000000fdc00000)
  to   space 23040K, 0% used [0x00000000faf00000,0x00000000faf00000,0x00000000fc580000)
 ParOldGen       total 87552K, used 52173K [0x00000000c0000000, 0x00000000c5580000, 0x00000000eab00000)
  object space 87552K, 59% used [0x00000000c0000000,0x00000000c32f3770,0x00000000c5580000)
 Metaspace       used 15027K, capacity 15914K, committed 16128K, reserved 1062912K
  class space    used 1821K, capacity 2035K, committed 2048K, reserved 1048576K

Card table byte_map: [0x00000000120c0000,0x00000000122d0000] byte_map_base: 0x0000000011ac0000

Marking Bits: (ParMarkBitMap*) 0x000000005c638f30
 Begin Bits: [0x0000000012c30000, 0x0000000013c30000)
 End Bits:   [0x0000000013c30000, 0x0000000014c30000)

Polling page: 0x0000000001210000

CodeCache: size=245760Kb used=15710Kb max_used=15937Kb free=230050Kb
 bounds [0x0000000002d00000, 0x0000000003d10000, 0x0000000011d00000]
 total_blobs=4071 nmethods=3727 adapters=256
 compilation: enabled

Compilation events (10 events):
Event: 11.160 Thread 0x0000000017624000 4624       2       com.android.tools.r8.ir.conversion.IRBuilder::b (33 bytes)
Event: 11.161 Thread 0x0000000017624000 nmethod 4624 0x00000000035b1e10 code [0x00000000035b1fa0, 0x00000000035b22d8]
Event: 11.161 Thread 0x0000000017624000 4625       2       com.android.tools.r8.ir.code.d0::<init> (8 bytes)
Event: 11.162 Thread 0x0000000017624000 nmethod 4625 0x00000000035b1990 code [0x00000000035b1b00, 0x00000000035b1ce8]
Event: 11.181 Thread 0x0000000017624000 4626 %     3       java.util.TreeMap::getEntry @ 35 (84 bytes)
Event: 11.182 Thread 0x0000000017624000 nmethod 4626% 0x0000000003217d50 code [0x0000000003217f00, 0x00000000032185a8]
Event: 11.185 Thread 0x0000000017624000 4627       2       com.android.tools.r8.ir.conversion.IRConverter::b (77 bytes)
Event: 11.187 Thread 0x0000000017624000 nmethod 4627 0x0000000003216fd0 code [0x00000000032171c0, 0x0000000003217878]
Event: 11.198 Thread 0x0000000017624000 4628       3       com.android.tools.r8.graph.DexString::k (252 bytes)
Event: 11.199 Thread 0x0000000017624000 nmethod 4628 0x0000000003051490 code [0x0000000003051680, 0x0000000003051f98]

GC Heap History (10 events):
Event: 0.948 GC heap before
{Heap before GC invocations=4 (full 0):
 PSYoungGen      total 38400K, used 38389K [0x00000000eab00000, 0x00000000ef600000, 0x0000000100000000)
  eden space 33280K, 100% used [0x00000000eab00000,0x00000000ecb80000,0x00000000ecb80000)
  from space 5120K, 99% used [0x00000000ecb80000,0x00000000ed07d778,0x00000000ed080000)
  to   space 5120K, 0% used [0x00000000ef100000,0x00000000ef100000,0x00000000ef600000)
 ParOldGen       total 87552K, used 24401K [0x00000000c0000000, 0x00000000c5580000, 0x00000000eab00000)
  object space 87552K, 27% used [0x00000000c0000000,0x00000000c17d45f0,0x00000000c5580000)
 Metaspace       used 8608K, capacity 8948K, committed 9088K, reserved 1056768K
  class space    used 952K, capacity 1044K, committed 1152K, reserved 1048576K
Event: 0.964 GC heap after
Heap after GC invocations=4 (full 0):
 PSYoungGen      total 71680K, used 5088K [0x00000000eab00000, 0x00000000ef600000, 0x0000000100000000)
  eden space 66560K, 0% used [0x00000000eab00000,0x00000000eab00000,0x00000000eec00000)
  from space 5120K, 99% used [0x00000000ef100000,0x00000000ef5f8060,0x00000000ef600000)
  to   space 5120K, 0% used [0x00000000eec00000,0x00000000eec00000,0x00000000ef100000)
 ParOldGen       total 87552K, used 33242K [0x00000000c0000000, 0x00000000c5580000, 0x00000000eab00000)
  object space 87552K, 37% used [0x00000000c0000000,0x00000000c2076b68,0x00000000c5580000)
 Metaspace       used 8608K, capacity 8948K, committed 9088K, reserved 1056768K
  class space    used 952K, capacity 1044K, committed 1152K, reserved 1048576K
}
Event: 1.286 GC heap before
{Heap before GC invocations=5 (full 0):
 PSYoungGen      total 71680K, used 71648K [0x00000000eab00000, 0x00000000ef600000, 0x0000000100000000)
  eden space 66560K, 100% used [0x00000000eab00000,0x00000000eec00000,0x00000000eec00000)
  from space 5120K, 99% used [0x00000000ef100000,0x00000000ef5f8060,0x00000000ef600000)
  to   space 5120K, 0% used [0x00000000eec00000,0x00000000eec00000,0x00000000ef100000)
 ParOldGen       total 87552K, used 33242K [0x00000000c0000000, 0x00000000c5580000, 0x00000000eab00000)
  object space 87552K, 37% used [0x00000000c0000000,0x00000000c2076b68,0x00000000c5580000)
 Metaspace       used 11150K, capacity 11660K, committed 11776K, reserved 1058816K
  class space    used 1396K, capacity 1528K, committed 1536K, reserved 1048576K
Event: 1.306 GC heap after
Heap after GC invocations=5 (full 0):
 PSYoungGen      total 71680K, used 5088K [0x00000000eab00000, 0x00000000f5d00000, 0x0000000100000000)
  eden space 66560K, 0% used [0x00000000eab00000,0x00000000eab00000,0x00000000eec00000)
  from space 5120K, 99% used [0x00000000eec00000,0x00000000ef0f8050,0x00000000ef100000)
  to   space 24576K, 0% used [0x00000000f4500000,0x00000000f4500000,0x00000000f5d00000)
 ParOldGen       total 87552K, used 48932K [0x00000000c0000000, 0x00000000c5580000, 0x00000000eab00000)
  object space 87552K, 55% used [0x00000000c0000000,0x00000000c2fc9308,0x00000000c5580000)
 Metaspace       used 11150K, capacity 11660K, committed 11776K, reserved 1058816K
  class space    used 1396K, capacity 1528K, committed 1536K, reserved 1048576K
}
Event: 1.753 GC heap before
{Heap before GC invocations=6 (full 0):
 PSYoungGen      total 71680K, used 71648K [0x00000000eab00000, 0x00000000f5d00000, 0x0000000100000000)
  eden space 66560K, 100% used [0x00000000eab00000,0x00000000eec00000,0x00000000eec00000)
  from space 5120K, 99% used [0x00000000eec00000,0x00000000ef0f8050,0x00000000ef100000)
  to   space 24576K, 0% used [0x00000000f4500000,0x00000000f4500000,0x00000000f5d00000)
 ParOldGen       total 87552K, used 48932K [0x00000000c0000000, 0x00000000c5580000, 0x00000000eab00000)
  object space 87552K, 55% used [0x00000000c0000000,0x00000000c2fc9308,0x00000000c5580000)
 Metaspace       used 13831K, capacity 14616K, committed 14848K, reserved 1062912K
  class space    used 1765K, capacity 1954K, committed 2048K, reserved 1048576K
Event: 1.772 GC heap after
Heap after GC invocations=6 (full 0):
 PSYoungGen      total 156672K, used 9071K [0x00000000eab00000, 0x00000000f5c00000, 0x0000000100000000)
  eden space 133120K, 0% used [0x00000000eab00000,0x00000000eab00000,0x00000000f2d00000)
  from space 23552K, 38% used [0x00000000f4500000,0x00000000f4ddbe18,0x00000000f5c00000)
  to   space 24064K, 0% used [0x00000000f2d00000,0x00000000f2d00000,0x00000000f4480000)
 ParOldGen       total 87552K, used 48940K [0x00000000c0000000, 0x00000000c5580000, 0x00000000eab00000)
  object space 87552K, 55% used [0x00000000c0000000,0x00000000c2fcb308,0x00000000c5580000)
 Metaspace       used 13831K, capacity 14616K, committed 14848K, reserved 1062912K
  class space    used 1765K, capacity 1954K, committed 2048K, reserved 1048576K
}
Event: 7.556 GC heap before
{Heap before GC invocations=7 (full 0):
 PSYoungGen      total 156672K, used 142191K [0x00000000eab00000, 0x00000000f5c00000, 0x0000000100000000)
  eden space 133120K, 100% used [0x00000000eab00000,0x00000000f2d00000,0x00000000f2d00000)
  from space 23552K, 38% used [0x00000000f4500000,0x00000000f4ddbe18,0x00000000f5c00000)
  to   space 24064K, 0% used [0x00000000f2d00000,0x00000000f2d00000,0x00000000f4480000)
 ParOldGen       total 87552K, used 48940K [0x00000000c0000000, 0x00000000c5580000, 0x00000000eab00000)
  object space 87552K, 55% used [0x00000000c0000000,0x00000000c2fcb308,0x00000000c5580000)
 Metaspace       used 14546K, capacity 15418K, committed 15616K, reserved 1062912K
  class space    used 1799K, capacity 1997K, committed 2048K, reserved 1048576K
Event: 7.639 GC heap after
Heap after GC invocations=7 (full 0):
 PSYoungGen      total 157184K, used 10292K [0x00000000eab00000, 0x00000000fdd00000, 0x0000000100000000)
  eden space 133120K, 0% used [0x00000000eab00000,0x00000000eab00000,0x00000000f2d00000)
  from space 24064K, 42% used [0x00000000f2d00000,0x00000000f370d228,0x00000000f4480000)
  to   space 23552K, 0% used [0x00000000fc600000,0x00000000fc600000,0x00000000fdd00000)
 ParOldGen       total 87552K, used 50292K [0x00000000c0000000, 0x00000000c5580000, 0x00000000eab00000)
  object space 87552K, 57% used [0x00000000c0000000,0x00000000c311d318,0x00000000c5580000)
 Metaspace       used 14546K, capacity 15418K, committed 15616K, reserved 1062912K
  class space    used 1799K, capacity 1997K, committed 2048K, reserved 1048576K
}
Event: 8.757 GC heap before
{Heap before GC invocations=8 (full 0):
 PSYoungGen      total 157184K, used 143412K [0x00000000eab00000, 0x00000000fdd00000, 0x0000000100000000)
  eden space 133120K, 100% used [0x00000000eab00000,0x00000000f2d00000,0x00000000f2d00000)
  from space 24064K, 42% used [0x00000000f2d00000,0x00000000f370d228,0x00000000f4480000)
  to   space 23552K, 0% used [0x00000000fc600000,0x00000000fc600000,0x00000000fdd00000)
 ParOldGen       total 87552K, used 50292K [0x00000000c0000000, 0x00000000c5580000, 0x00000000eab00000)
  object space 87552K, 57% used [0x00000000c0000000,0x00000000c311d318,0x00000000c5580000)
 Metaspace       used 14783K, capacity 15662K, committed 15872K, reserved 1062912K
  class space    used 1803K, capacity 2003K, committed 2048K, reserved 1048576K
Event: 8.817 GC heap after
Heap after GC invocations=8 (full 0):
 PSYoungGen      total 288768K, used 11515K [0x00000000eab00000, 0x00000000fdc00000, 0x0000000100000000)
  eden space 266240K, 0% used [0x00000000eab00000,0x00000000eab00000,0x00000000faf00000)
  from space 22528K, 51% used [0x00000000fc600000,0x00000000fd13edf0,0x00000000fdc00000)
  to   space 23040K, 0% used [0x00000000faf00000,0x00000000faf00000,0x00000000fc580000)
 ParOldGen       total 87552K, used 52173K [0x00000000c0000000, 0x00000000c5580000, 0x00000000eab00000)
  object space 87552K, 59% used [0x00000000c0000000,0x00000000c32f3770,0x00000000c5580000)
 Metaspace       used 14783K, capacity 15662K, committed 15872K, reserved 1062912K
  class space    used 1803K, capacity 2003K, committed 2048K, reserved 1048576K
}

Deoptimization events (10 events):
Event: 9.115 Thread 0x0000000018555000 Uncommon trap: reason=class_check action=maybe_recompile pc=0x0000000003c849a8 method=com.android.tools.r8.ir.conversion.IRBuilder.a(Lcom/android/tools/r8/ir/code/Position;)V @ 124
Event: 9.275 Thread 0x0000000018556800 Uncommon trap: reason=class_check action=maybe_recompile pc=0x0000000003c849a8 method=com.android.tools.r8.ir.conversion.IRBuilder.a(Lcom/android/tools/r8/ir/code/Position;)V @ 124
Event: 9.277 Thread 0x0000000018556800 Uncommon trap: reason=class_check action=maybe_recompile pc=0x0000000003c849a8 method=com.android.tools.r8.ir.conversion.IRBuilder.a(Lcom/android/tools/r8/ir/code/Position;)V @ 124
Event: 9.278 Thread 0x0000000018556800 Uncommon trap: reason=class_check action=maybe_recompile pc=0x0000000003c849a8 method=com.android.tools.r8.ir.conversion.IRBuilder.a(Lcom/android/tools/r8/ir/code/Position;)V @ 124
Event: 9.474 Thread 0x0000000018555000 Uncommon trap: reason=unstable_if action=reinterpret pc=0x000000000351eca8 method=java.util.HashMap.removeNode(ILjava/lang/Object;Ljava/lang/Object;ZZ)Ljava/util/HashMap$Node; @ 133
Event: 9.541 Thread 0x0000000018556000 Uncommon trap: reason=class_check action=maybe_recompile pc=0x00000000035e5624 method=com.android.tools.r8.ir.analysis.g.e.b(Lcom/android/tools/r8/ir/code/Instruction;)V @ 139
Event: 9.642 Thread 0x0000000018556000 Uncommon trap: reason=unstable_if action=reinterpret pc=0x0000000002e446b8 method=java.util.HashMap.putVal(ILjava/lang/Object;Ljava/lang/Object;ZZ)Ljava/lang/Object; @ 109
Event: 9.642 Thread 0x0000000018556000 Uncommon trap: reason=unstable_if action=reinterpret pc=0x00000000033ef3a0 method=java.util.HashMap.resize()[Ljava/util/HashMap$Node; @ 206
Event: 10.608 Thread 0x0000000018556000 Uncommon trap: reason=unstable_if action=reinterpret pc=0x000000000355de54 method=java.util.IdentityHashMap.isEmpty()Z @ 4
Event: 11.032 Thread 0x0000000018559800 Uncommon trap: reason=unstable_if action=reinterpret pc=0x00000000030482c0 method=com.android.tools.r8.graph.DexString.k()Ljava/lang/String; @ 56

Classes redefined (0 events):
No events

Internal exceptions (10 events):
Event: 1.204 Thread 0x0000000018559800 Implicit null exception at 0x0000000003162b01 to 0x0000000003164029
Event: 1.280 Thread 0x0000000018556000 Exception <a 'java/lang/NoSuchMethodError': java.lang.Object.lambda$comparingInt$7b0bb60$1(Ljava/util/function/ToIntFunction;Ljava/lang/Object;Ljava/lang/Object;)I> (0x00000000eeb3be38) thrown at [D:\j\worksp~1\openjd~3\jdk8u\hotspot\src\share\vm\interpre
Event: 1.280 Thread 0x0000000018559800 Exception <a 'java/lang/NoSuchMethodError': java.lang.Object.lambda$comparingInt$7b0bb60$1(Ljava/util/function/ToIntFunction;Ljava/lang/Object;Ljava/lang/Object;)I> (0x00000000eebe3900) thrown at [D:\j\worksp~1\openjd~3\jdk8u\hotspot\src\share\vm\interpre
Event: 1.280 Thread 0x0000000018555000 Exception <a 'java/lang/NoSuchMethodError': java.lang.Object.lambda$comparingInt$7b0bb60$1(Ljava/util/function/ToIntFunction;Ljava/lang/Object;Ljava/lang/Object;)I> (0x00000000eeb7a878) thrown at [D:\j\worksp~1\openjd~3\jdk8u\hotspot\src\share\vm\interpre
Event: 1.280 Thread 0x0000000018556800 Exception <a 'java/lang/NoSuchMethodError': java.lang.Object.lambda$comparingInt$7b0bb60$1(Ljava/util/function/ToIntFunction;Ljava/lang/Object;Ljava/lang/Object;)I> (0x00000000eea76198) thrown at [D:\j\worksp~1\openjd~3\jdk8u\hotspot\src\share\vm\interpre
Event: 1.282 Thread 0x0000000018559800 Exception <a 'java/lang/NoSuchMethodError': java.lang.Object.lambda$maxBy$1(Ljava/util/Comparator;Ljava/lang/Object;Ljava/lang/Object;)Ljava/lang/Object;> (0x00000000eebef420) thrown at [D:\j\worksp~1\openjd~3\jdk8u\hotspot\src\share\vm\interpreter\linkRe
Event: 1.282 Thread 0x0000000018556000 Exception <a 'java/lang/NoSuchMethodError': java.lang.Object.lambda$maxBy$1(Ljava/util/Comparator;Ljava/lang/Object;Ljava/lang/Object;)Ljava/lang/Object;> (0x00000000eeb47c88) thrown at [D:\j\worksp~1\openjd~3\jdk8u\hotspot\src\share\vm\interpreter\linkRe
Event: 1.282 Thread 0x0000000018556800 Exception <a 'java/lang/NoSuchMethodError': java.lang.Object.lambda$maxBy$1(Ljava/util/Comparator;Ljava/lang/Object;Ljava/lang/Object;)Ljava/lang/Object;> (0x00000000eea81100) thrown at [D:\j\worksp~1\openjd~3\jdk8u\hotspot\src\share\vm\interpreter\linkRe
Event: 1.282 Thread 0x0000000018555000 Exception <a 'java/lang/NoSuchMethodError': java.lang.Object.lambda$maxBy$1(Ljava/util/Comparator;Ljava/lang/Object;Ljava/lang/Object;)Ljava/lang/Object;> (0x00000000eeb86288) thrown at [D:\j\worksp~1\openjd~3\jdk8u\hotspot\src\share\vm\interpreter\linkRe
Event: 1.347 Thread 0x0000000018559800 Implicit null exception at 0x000000000313846c to 0x00000000031386a9

Events (10 events):
Event: 10.720 loading class com/android/tools/r8/code/B1 done
Event: 10.721 loading class com/android/tools/r8/code/E1
Event: 10.721 loading class com/android/tools/r8/code/E1 done
Event: 11.032 Thread 0x0000000018559800 Uncommon trap: trap_request=0xffffff65 fr.pc=0x00000000030482c0
Event: 11.032 Thread 0x0000000018559800 DEOPT PACKING pc=0x00000000030482c0 sp=0x0000000018dee5e0
Event: 11.032 Thread 0x0000000018559800 DEOPT UNPACKING pc=0x0000000002d4557b sp=0x0000000018dee588 mode 2
Event: 11.042 Thread 0x0000000018559800 DEOPT PACKING pc=0x0000000003b1b1f0 sp=0x0000000018dee470
Event: 11.042 Thread 0x0000000018559800 DEOPT UNPACKING pc=0x0000000002d475d0 sp=0x0000000018dee2f0 mode 0
Event: 11.198 Thread 0x0000000018556800 DEOPT PACKING pc=0x00000000035b2d58 sp=0x00000000190ee230
Event: 11.198 Thread 0x0000000018556800 DEOPT UNPACKING pc=0x0000000002d475d0 sp=0x00000000190edf58 mode 0


Dynamic libraries:
0x00007ff76f570000 - 0x00007ff76f5a5000 	C:\Program Files\Android\Jdk\microsoft_dist_openjdk_1.8.0.25\bin\java.exe
0x00007ffb5dc50000 - 0x00007ffb5de45000 	C:\WINDOWS\SYSTEM32\ntdll.dll
0x00007ffb5bc90000 - 0x00007ffb5bd4e000 	C:\WINDOWS\System32\KERNEL32.DLL
0x00007ffb5b850000 - 0x00007ffb5bb18000 	C:\WINDOWS\System32\KERNELBASE.dll
0x00007ffb5da80000 - 0x00007ffb5db2c000 	C:\WINDOWS\System32\ADVAPI32.dll
0x00007ffb5d080000 - 0x00007ffb5d11e000 	C:\WINDOWS\System32\msvcrt.dll
0x00007ffb5c090000 - 0x00007ffb5c12b000 	C:\WINDOWS\System32\sechost.dll
0x00007ffb5c640000 - 0x00007ffb5c76a000 	C:\WINDOWS\System32\RPCRT4.dll
0x00007ffb5c7d0000 - 0x00007ffb5c971000 	C:\WINDOWS\System32\USER32.dll
0x00007ffb5bc60000 - 0x00007ffb5bc82000 	C:\WINDOWS\System32\win32u.dll
0x00007ffb5d120000 - 0x00007ffb5d14b000 	C:\WINDOWS\System32\GDI32.dll
0x00007ffb5bb20000 - 0x00007ffb5bc2d000 	C:\WINDOWS\System32\gdi32full.dll
0x00007ffb5b440000 - 0x00007ffb5b4dd000 	C:\WINDOWS\System32\msvcp_win.dll
0x00007ffb5b6a0000 - 0x00007ffb5b7a0000 	C:\WINDOWS\System32\ucrtbase.dll
0x00007ffb383f0000 - 0x00007ffb3868a000 	C:\WINDOWS\WinSxS\amd64_microsoft.windows.common-controls_6595b64144ccf1df_6.0.19041.1110_none_60b5254171f9507e\COMCTL32.dll
0x00007ffb5d050000 - 0x00007ffb5d080000 	C:\WINDOWS\System32\IMM32.DLL
0x000000005c6c0000 - 0x000000005c791000 	C:\Program Files\Android\Jdk\microsoft_dist_openjdk_1.8.0.25\jre\bin\msvcr100.dll
0x000000005be70000 - 0x000000005c6b5000 	C:\Program Files\Android\Jdk\microsoft_dist_openjdk_1.8.0.25\jre\bin\server\jvm.dll
0x00007ffb5cf10000 - 0x00007ffb5cf18000 	C:\WINDOWS\System32\PSAPI.DLL
0x00007ffb44490000 - 0x00007ffb44499000 	C:\WINDOWS\SYSTEM32\WSOCK32.dll
0x00007ffb42910000 - 0x00007ffb42937000 	C:\WINDOWS\SYSTEM32\WINMM.dll
0x00007ffb54860000 - 0x00007ffb5486a000 	C:\WINDOWS\SYSTEM32\VERSION.dll
0x00007ffb5d1d0000 - 0x00007ffb5d23b000 	C:\WINDOWS\System32\WS2_32.dll
0x00007ffb44550000 - 0x00007ffb4455f000 	C:\Program Files\Android\Jdk\microsoft_dist_openjdk_1.8.0.25\jre\bin\verify.dll
0x00007ffb23980000 - 0x00007ffb239a9000 	C:\Program Files\Android\Jdk\microsoft_dist_openjdk_1.8.0.25\jre\bin\java.dll
0x00007ffb363c0000 - 0x00007ffb363d6000 	C:\Program Files\Android\Jdk\microsoft_dist_openjdk_1.8.0.25\jre\bin\zip.dll
0x00007ffb5d330000 - 0x00007ffb5da74000 	C:\WINDOWS\System32\SHELL32.dll
0x00007ffb593f0000 - 0x00007ffb59b84000 	C:\WINDOWS\SYSTEM32\windows.storage.dll
0x00007ffb5c160000 - 0x00007ffb5c4b5000 	C:\WINDOWS\System32\combase.dll
0x00007ffb5ace0000 - 0x00007ffb5ad0e000 	C:\WINDOWS\SYSTEM32\Wldp.dll
0x00007ffb5c4c0000 - 0x00007ffb5c56d000 	C:\WINDOWS\System32\SHCORE.dll
0x00007ffb5ce00000 - 0x00007ffb5ce55000 	C:\WINDOWS\System32\shlwapi.dll
0x00007ffb5b2a0000 - 0x00007ffb5b2bf000 	C:\WINDOWS\SYSTEM32\profapi.dll
0x00007ffb227c0000 - 0x00007ffb227da000 	C:\Program Files\Android\jdk\microsoft_dist_openjdk_1.8.0.25\jre\bin\net.dll
0x00007ffb5aa20000 - 0x00007ffb5aa8a000 	C:\WINDOWS\system32\mswsock.dll
0x00007ffb13db0000 - 0x00007ffb13dc1000 	C:\Program Files\Android\jdk\microsoft_dist_openjdk_1.8.0.25\jre\bin\nio.dll

VM Arguments:
jvm_args: -Xmx1G 
java_command: com.android.tools.r8.D8 --debug --min-api 21 --output obj\Debug\90\android\bin --lib C:\Program Files (x86)\Android\android-sdk\platforms\android-28\android.jar obj\Debug\90\android\bin\classes.zip C:\Program Files (x86)\Microsoft Visual Studio\2019\Community\Common7\IDE\ReferenceAssemblies\Microsoft\Framework\MonoAndroid\v9.0\mono.android.jar C:\Program Files (x86)\Microsoft Visual Studio\2019\Community\MSBuild\Xamarin\Android\java_runtime_fastdev.jar obj\Debug\90\lp\0\jl\formsviewgroup.jar obj\Debug\90\lp\1\jl\android.arch.core.common.jar obj\Debug\90\lp\10\jl\bin\classes.jar obj\Debug\90\lp\11\jl\com.android.support.collections.jar obj\Debug\90\lp\12\jl\bin\classes.jar obj\Debug\90\lp\13\jl\bin\classes.jar obj\Debug\90\lp\14\jl\bin\classes.jar obj\Debug\90\lp\15\jl\bin\classes.jar obj\Debug\90\lp\16\jl\bin\classes.jar obj\Debug\90\lp\17\jl\bin\classes.jar obj\Debug\90\lp\18\jl\bin\classes.jar obj\Debug\90\lp\19\jl\bin\classes.jar obj\Debug\90\lp\2\jl\bin\classes.jar obj\Debug\90\lp\20\jl\bin\classes.jar obj\Debug\90\lp\21\jl\bin\classes.jar obj\Debug\90\lp\22\jl\bin\classes.jar obj\Debug\90\lp\23\jl\bin\classes.jar obj\Debug\90\lp\24\jl\bin\classes.jar obj\Debug\90\lp\25\jl\bin\classes.jar obj\Debug\90\lp\26\jl\bin\classes.jar obj\Debug\90\lp\27\jl\bin\classes.jar obj\Debug\90\lp\28\jl\bin\classes.jar obj\Debug\90\lp\29\jl\bin\classes.jar obj\Debug\90\lp\3\jl\android.arch.lifecycle.common.jar obj\Debug\90\lp\30\jl\bin\classes.jar obj\Debug\90\lp\32\jl\bin\classes.jar obj\Debug\90\lp\33\jl\bin\classes.jar obj\Debug\90\lp\34\jl\bin\classes.jar obj\Debug\90\lp\35\jl\bin\classes.jar obj\Debug\90\lp\36\jl\bin\classes.jar obj\Debug\90\lp\37\jl\bin\classes.jar obj\Debug\90\lp\4\jl\bin\classes.jar obj\Debug\90\lp\5\jl\bin\classes.jar obj\Debug\90\lp\6\jl\bin\classes.jar obj\Debug\90\lp\7\jl\bin\classes.jar obj\Debug\90\lp\8\jl\bin\classes.jar obj\Debug\90\lp\9\jl\com.android.support.support-annotations.jar
java_class_path (initial): C:\Program Files (x86)\Microsoft Visual Studio\2019\Community\MSBuild\Xamarin\Android\r8.jar
Launcher Type: SUN_STANDARD

Environment Variables:
JAVA_HOME=C:\Program Files\Android\Jdk\microsoft_dist_openjdk_1.8.0.25
PATH=C:\Program Files\Android\Jdk\microsoft_dist_openjdk_1.8.0.25\bin;C:\Program Files (x86)\Common Files\Oracle\Java\javapath;C:\Windows\system32;C:\Windows;C:\Windows\System32\Wbem;C:\Windows\System32\WindowsPowerShell\v1.0\;C:\Program Files\nodejs\;C:\Program Files\dotnet\;C:\Program Files\Git\bin\;C:\Program Files\Git\cmd\;C:\Users\khong\AppData\Local\Programs\Python\Python39\Scripts\;C:\Users\khong\AppData\Local\Programs\Python\Python39\;C:\Users\khong\AppData\Local\Microsoft\WindowsApps;C:\Users\khong\AppData\Local\Programs\Microsoft VS Code\bin;C:\Users\khong\AppData\Roaming\npm;
USERNAME=khong
OS=Windows_NT
PROCESSOR_IDENTIFIER=Intel64 Family 6 Model 142 Stepping 12, GenuineIntel



---------------  S Y S T E M  ---------------

OS: Windows 10.0 , 64 bit Build 19041 (10.0.19041.1348)

CPU:total 8 (initial active 8) (4 cores per cpu, 2 threads per core) family 6 model 142 stepping 12, cmov, cx8, fxsr, mmx, sse, sse2, sse3, ssse3, sse4.1, sse4.2, popcnt, avx, avx2, aes, clmul, erms, 3dnowpref, lzcnt, ht, tsc, tscinvbit, bmi1, bmi2, adx

Memory: 4k page, physical 8272180k(482344k free), swap 15087076k(5256k free)

vm_info: OpenJDK 64-Bit Server VM (25.71-b00) for windows-amd64 JRE (1.8.0-25-microsoft-b00), built on Feb  7 2019 20:09:14 by "builder" with MS VC++ 10.0 (VS2010)

time: Sun Jan 09 01:35:03 2022
timezone: SE Asia Standard Time
elapsed time: 11 seconds (0d 0h 0m 11s)

